  % Total    % Received % Xferd  Average Speed   Time    Time     Time  Current
                                 Dload  Upload   Total   Spent    Left  Speed
  0     0    0     0    0     0      0      0 --:--:-- --:--:-- --:--:--     0*   Trying 18.118.149.227:80...
* Connected to ec2-18-118-149-227.us-east-2.compute.amazonaws.com (18.118.149.227) port 80 (#0)
> GET / HTTP/1.1
> Host: ec2-18-118-149-227.us-east-2.compute.amazonaws.com
> User-Agent: curl/7.87.0
> Accept: */*
> Cookie: login=eyJsb2duYW1lIjoiYXdkZW9yaW8ifQ.ZSyHJA.fvxrBWGmc9VRZUNr7gkH0ea7vpM
> 
* Mark bundle as not supporting multiuse
< HTTP/1.1 200 OK
< Server: nginx/1.18.0 (Ubuntu)
< Date: Mon, 16 Oct 2023 00:43:57 GMT
< Content-Type: text/html; charset=utf-8
< Content-Length: 559
< Connection: keep-alive
< Vary: Cookie
< 
{ [559 bytes data]
100   559  100   559    0     0   2563      0 --:--:-- --:--:-- --:--:--  2649
* Connection #0 to host ec2-18-118-149-227.us-east-2.compute.amazonaws.com left intact
